<?xml version="1.0" encoding="UTF-8" ?>
<testsuite tests="62" failures="1" name="TestSuite" time="8.084" errors="0" skipped="61">
  <properties>
    <property name="java.runtime.name" value="Java(TM) SE Runtime Environment"/>
    <property name="sun.boot.library.path" value="C:\Program Files\Java\jdk1.8.0_66\jre\bin"/>
    <property name="java.vm.version" value="25.66-b17"/>
    <property name="user.country.format" value="CZ"/>
    <property name="java.vm.vendor" value="Oracle Corporation"/>
    <property name="java.vendor.url" value="http://java.oracle.com/"/>
    <property name="path.separator" value=";"/>
    <property name="guice.disable.misplaced.annotation.check" value="true"/>
    <property name="java.vm.name" value="Java HotSpot(TM) 64-Bit Server VM"/>
    <property name="file.encoding.pkg" value="sun.io"/>
    <property name="user.script" value=""/>
    <property name="user.country" value="US"/>
    <property name="sun.java.launcher" value="SUN_STANDARD"/>
    <property name="sun.os.patch.level" value=""/>
    <property name="java.vm.specification.name" value="Java Virtual Machine Specification"/>
    <property name="user.dir" value="C:\Users\Komoi\Desktop\workspace\PA165_pneuservis\PA165_pneuservis"/>
    <property name="java.runtime.version" value="1.8.0_66-b17"/>
    <property name="java.awt.graphicsenv" value="sun.awt.Win32GraphicsEnvironment"/>
    <property name="java.endorsed.dirs" value="C:\Program Files\Java\jdk1.8.0_66\jre\lib\endorsed"/>
    <property name="os.arch" value="amd64"/>
    <property name="java.io.tmpdir" value="C:\Users\Komoi\AppData\Local\Temp\"/>
    <property name="line.separator" value="
"/>
    <property name="java.vm.specification.vendor" value="Oracle Corporation"/>
    <property name="user.variant" value=""/>
    <property name="os.name" value="Windows 10"/>
    <property name="maven.ext.class.path" value="C:\Programy\NetBeans 8.0.2\java\maven-nblib\netbeans-eventspy.jar"/>
    <property name="classworlds.conf" value="C:\Programy\NetBeans 8.0.2\java\maven\bin\m2.conf"/>
    <property name="sun.jnu.encoding" value="Cp1250"/>
    <property name="java.library.path" value="C:\Program Files\Java\jdk1.8.0_66\bin;C:\Windows\Sun\Java\bin;C:\Windows\system32;C:\Windows;C:\Program Files (x86)\NVIDIA Corporation\PhysX\Common;C:\Windows\system32;C:\Windows;C:\Windows\System32\Wbem;C:\Windows\System32\WindowsPowerShell\v1.0\;C:\Program Files (x86)\Skype\Phone\;."/>
    <property name="java.specification.name" value="Java Platform API Specification"/>
    <property name="java.class.version" value="52.0"/>
    <property name="sun.management.compiler" value="HotSpot 64-Bit Tiered Compilers"/>
    <property name="os.version" value="10.0"/>
    <property name="user.home" value="C:\Users\Komoi"/>
    <property name="user.timezone" value="Europe/Prague"/>
    <property name="java.awt.printerjob" value="sun.awt.windows.WPrinterJob"/>
    <property name="java.specification.version" value="1.8"/>
    <property name="file.encoding" value="UTF-8"/>
    <property name="user.name" value="Komoi"/>
    <property name="java.class.path" value="C:\Programy\NetBeans 8.0.2\java\maven\boot\plexus-classworlds-2.4.jar"/>
    <property name="java.vm.specification.version" value="1.8"/>
    <property name="sun.arch.data.model" value="64"/>
    <property name="java.home" value="C:\Program Files\Java\jdk1.8.0_66\jre"/>
    <property name="sun.java.command" value="org.codehaus.plexus.classworlds.launcher.Launcher -Dmaven.ext.class.path=C:\Programy\NetBeans 8.0.2\java\maven-nblib\netbeans-eventspy.jar -Dfile.encoding=UTF-8 --debug -X clean install"/>
    <property name="java.specification.vendor" value="Oracle Corporation"/>
    <property name="user.language" value="en"/>
    <property name="user.language.format" value="cs"/>
    <property name="awt.toolkit" value="sun.awt.windows.WToolkit"/>
    <property name="java.vm.info" value="mixed mode"/>
    <property name="java.version" value="1.8.0_66"/>
    <property name="java.ext.dirs" value="C:\Program Files\Java\jdk1.8.0_66\jre\lib\ext;C:\Windows\Sun\Java\lib\ext"/>
    <property name="sun.boot.class.path" value="C:\Program Files\Java\jdk1.8.0_66\jre\lib\resources.jar;C:\Program Files\Java\jdk1.8.0_66\jre\lib\rt.jar;C:\Program Files\Java\jdk1.8.0_66\jre\lib\sunrsasign.jar;C:\Program Files\Java\jdk1.8.0_66\jre\lib\jsse.jar;C:\Program Files\Java\jdk1.8.0_66\jre\lib\jce.jar;C:\Program Files\Java\jdk1.8.0_66\jre\lib\charsets.jar;C:\Program Files\Java\jdk1.8.0_66\jre\lib\jfr.jar;C:\Program Files\Java\jdk1.8.0_66\jre\classes"/>
    <property name="java.vendor" value="Oracle Corporation"/>
    <property name="maven.home" value="C:\Programy\NetBeans 8.0.2\java\maven"/>
    <property name="file.separator" value="\"/>
    <property name="java.vendor.url.bug" value="http://bugreport.sun.com/bugreport/"/>
    <property name="sun.cpu.endian" value="little"/>
    <property name="sun.io.unicode.encoding" value="UnicodeLittle"/>
    <property name="sun.desktop" value="windows"/>
    <property name="sun.cpu.isalist" value="amd64"/>
  </properties>
  <testcase classname="cz.muni.fi.pa165_pneuservis.dao.CustomerDaoImplTest" name="springTestContextPrepareTestInstance" time="0">
    <failure message="org.springframework.aop.framework.autoproxy.AutoProxyUtils.determineTargetClass(Lorg/springframework/beans/factory/config/ConfigurableListableBeanFactory;Ljava/lang/String;)Ljava/lang/Class;" type="java.lang.NoSuchMethodError">java.lang.NoSuchMethodError: org.springframework.aop.framework.autoproxy.AutoProxyUtils.determineTargetClass(Lorg/springframework/beans/factory/config/ConfigurableListableBeanFactory;Ljava/lang/String;)Ljava/lang/Class;
	at org.springframework.context.event.EventListenerMethodProcessor.afterSingletonsInstantiated(EventListenerMethodProcessor.java:78)
	at org.springframework.beans.factory.support.DefaultListableBeanFactory.preInstantiateSingletons(DefaultListableBeanFactory.java:792)
	at org.springframework.context.support.AbstractApplicationContext.finishBeanFactoryInitialization(AbstractApplicationContext.java:838)
	at org.springframework.context.support.AbstractApplicationContext.refresh(AbstractApplicationContext.java:537)
	at org.springframework.test.context.support.AbstractGenericContextLoader.loadContext(AbstractGenericContextLoader.java:125)
	at org.springframework.test.context.support.AbstractGenericContextLoader.loadContext(AbstractGenericContextLoader.java:60)
	at org.springframework.test.context.support.AbstractDelegatingSmartContextLoader.delegateLoading(AbstractDelegatingSmartContextLoader.java:109)
	at org.springframework.test.context.support.AbstractDelegatingSmartContextLoader.loadContext(AbstractDelegatingSmartContextLoader.java:261)
	at org.springframework.test.context.cache.DefaultCacheAwareContextLoaderDelegate.loadContextInternal(DefaultCacheAwareContextLoaderDelegate.java:98)
	at org.springframework.test.context.cache.DefaultCacheAwareContextLoaderDelegate.loadContext(DefaultCacheAwareContextLoaderDelegate.java:116)
	at org.springframework.test.context.support.DefaultTestContext.getApplicationContext(DefaultTestContext.java:83)
	at org.springframework.test.context.support.DependencyInjectionTestExecutionListener.injectDependencies(DependencyInjectionTestExecutionListener.java:117)
	at org.springframework.test.context.support.DependencyInjectionTestExecutionListener.prepareTestInstance(DependencyInjectionTestExecutionListener.java:83)
	at org.springframework.test.context.TestContextManager.prepareTestInstance(TestContextManager.java:228)
	at org.springframework.test.context.testng.AbstractTestNGSpringContextTests.springTestContextPrepareTestInstance(AbstractTestNGSpringContextTests.java:149)
	at sun.reflect.NativeMethodAccessorImpl.invoke0(Native Method)
	at sun.reflect.NativeMethodAccessorImpl.invoke(NativeMethodAccessorImpl.java:62)
	at sun.reflect.DelegatingMethodAccessorImpl.invoke(DelegatingMethodAccessorImpl.java:43)
	at java.lang.reflect.Method.invoke(Method.java:497)
	at org.testng.internal.MethodInvocationHelper.invokeMethod(MethodInvocationHelper.java:84)
	at org.testng.internal.Invoker.invokeConfigurationMethod(Invoker.java:564)
	at org.testng.internal.Invoker.invokeConfigurations(Invoker.java:213)
	at org.testng.internal.Invoker.invokeConfigurations(Invoker.java:138)
	at org.testng.internal.TestMethodWorker.invokeBeforeClassMethods(TestMethodWorker.java:175)
	at org.testng.internal.TestMethodWorker.run(TestMethodWorker.java:107)
	at org.testng.TestRunner.privateRun(TestRunner.java:767)
	at org.testng.TestRunner.run(TestRunner.java:617)
	at org.testng.SuiteRunner.runTest(SuiteRunner.java:348)
	at org.testng.SuiteRunner.runSequentially(SuiteRunner.java:343)
	at org.testng.SuiteRunner.privateRun(SuiteRunner.java:305)
	at org.testng.SuiteRunner.run(SuiteRunner.java:254)
	at org.testng.SuiteRunnerWorker.runSuite(SuiteRunnerWorker.java:52)
	at org.testng.SuiteRunnerWorker.run(SuiteRunnerWorker.java:86)
	at org.testng.TestNG.runSuitesSequentially(TestNG.java:1224)
	at org.testng.TestNG.runSuitesLocally(TestNG.java:1149)
	at org.testng.TestNG.run(TestNG.java:1057)
	at org.apache.maven.surefire.testng.TestNGExecutor.run(TestNGExecutor.java:70)
	at org.apache.maven.surefire.testng.TestNGDirectoryTestSuite.executeMulti(TestNGDirectoryTestSuite.java:158)
	at org.apache.maven.surefire.testng.TestNGDirectoryTestSuite.execute(TestNGDirectoryTestSuite.java:98)
	at org.apache.maven.surefire.testng.TestNGProvider.invoke(TestNGProvider.java:111)
	at sun.reflect.NativeMethodAccessorImpl.invoke0(Native Method)
	at sun.reflect.NativeMethodAccessorImpl.invoke(NativeMethodAccessorImpl.java:62)
	at sun.reflect.DelegatingMethodAccessorImpl.invoke(DelegatingMethodAccessorImpl.java:43)
	at java.lang.reflect.Method.invoke(Method.java:497)
	at org.apache.maven.surefire.util.ReflectionUtils.invokeMethodWithArray(ReflectionUtils.java:164)
	at org.apache.maven.surefire.booter.ProviderFactory$ProviderProxy.invoke(ProviderFactory.java:110)
	at org.apache.maven.surefire.booter.SurefireStarter.invokeProvider(SurefireStarter.java:175)
	at org.apache.maven.surefire.booter.SurefireStarter.runSuitesInProcessWhenForked(SurefireStarter.java:107)
	at org.apache.maven.surefire.booter.ForkedBooter.main(ForkedBooter.java:68)
</failure>
    <system-err>log4j:WARN No appenders could be found for logger (org.springframework.test.context.BootstrapUtils).
log4j:WARN Please initialize the log4j system properly.
log4j:WARN See http://logging.apache.org/log4j/1.2/faq.html#noconfig for more info.
</system-err>
  </testcase>
  <testcase classname="cz.muni.fi.pa165_pneuservis.dao.CustomerDaoImplTest" name="springTestContextBeforeTestMethod" time="0.003">
    <skipped/>
  </testcase>
  <testcase classname="cz.muni.fi.pa165_pneuservis.dao.CustomerDaoImplTest" name="setUp" time="0.003">
    <skipped/>
  </testcase>
  <testcase classname="cz.muni.fi.pa165_pneuservis.dao.CustomerDaoImplTest" name="testCreateEmCustomer" time="0">
    <skipped/>
  </testcase>
  <testcase classname="cz.muni.fi.pa165_pneuservis.dao.CustomerDaoImplTest" name="springTestContextBeforeTestMethod" time="0.003">
    <skipped/>
  </testcase>
  <testcase classname="cz.muni.fi.pa165_pneuservis.dao.CustomerDaoImplTest" name="setUp" time="0.003">
    <skipped/>
  </testcase>
  <testcase classname="cz.muni.fi.pa165_pneuservis.dao.CustomerDaoImplTest" name="testCustomerRemove" time="0">
    <skipped/>
  </testcase>
  <testcase classname="cz.muni.fi.pa165_pneuservis.dao.CustomerDaoImplTest" name="springTestContextBeforeTestMethod" time="0.001">
    <skipped/>
  </testcase>
  <testcase classname="cz.muni.fi.pa165_pneuservis.dao.CustomerDaoImplTest" name="setUp" time="0.001">
    <skipped/>
  </testcase>
  <testcase classname="cz.muni.fi.pa165_pneuservis.dao.CustomerDaoImplTest" name="testCustomersCreation" time="0">
    <skipped/>
  </testcase>
  <testcase classname="cz.muni.fi.pa165_pneuservis.dao.CustomerDaoImplTest" name="springTestContextBeforeTestMethod" time="0.001">
    <skipped/>
  </testcase>
  <testcase classname="cz.muni.fi.pa165_pneuservis.dao.CustomerDaoImplTest" name="setUp" time="0.002">
    <skipped/>
  </testcase>
  <testcase classname="cz.muni.fi.pa165_pneuservis.dao.CustomerDaoImplTest" name="testFindAll" time="0.002">
    <skipped/>
  </testcase>
  <testcase classname="cz.muni.fi.pa165_pneuservis.dao.CustomerDaoImplTest" name="springTestContextBeforeTestMethod" time="0.002">
    <skipped/>
  </testcase>
  <testcase classname="cz.muni.fi.pa165_pneuservis.dao.CustomerDaoImplTest" name="setUp" time="0.002">
    <skipped/>
  </testcase>
  <testcase classname="cz.muni.fi.pa165_pneuservis.dao.CustomerDaoImplTest" name="testRemoveEmCustomer" time="0">
    <skipped/>
  </testcase>
  <testcase classname="cz.muni.fi.pa165_pneuservis.dao.OrderDaoImplTest" name="springTestContextBeforeTestClass" time="0.002">
    <skipped/>
  </testcase>
  <testcase classname="cz.muni.fi.pa165_pneuservis.dao.OrderDaoImplTest" name="springTestContextPrepareTestInstance" time="0.002">
    <skipped/>
  </testcase>
  <testcase classname="cz.muni.fi.pa165_pneuservis.dao.OrderDaoImplTest" name="springTestContextBeforeTestMethod" time="0.003">
    <skipped/>
  </testcase>
  <testcase classname="cz.muni.fi.pa165_pneuservis.dao.OrderDaoImplTest" name="setUp" time="0.003">
    <skipped/>
  </testcase>
  <testcase classname="cz.muni.fi.pa165_pneuservis.dao.OrderDaoImplTest" name="testCreation" time="0">
    <skipped/>
  </testcase>
  <testcase classname="cz.muni.fi.pa165_pneuservis.dao.OrderDaoImplTest" name="springTestContextBeforeTestMethod" time="0.002">
    <skipped/>
  </testcase>
  <testcase classname="cz.muni.fi.pa165_pneuservis.dao.OrderDaoImplTest" name="setUp" time="0.002">
    <skipped/>
  </testcase>
  <testcase classname="cz.muni.fi.pa165_pneuservis.dao.OrderDaoImplTest" name="testFindAll" time="0">
    <skipped/>
  </testcase>
  <testcase classname="cz.muni.fi.pa165_pneuservis.dao.OrderDaoImplTest" name="springTestContextBeforeTestMethod" time="0.004">
    <skipped/>
  </testcase>
  <testcase classname="cz.muni.fi.pa165_pneuservis.dao.OrderDaoImplTest" name="setUp" time="0.004">
    <skipped/>
  </testcase>
  <testcase classname="cz.muni.fi.pa165_pneuservis.dao.OrderDaoImplTest" name="testFindByCustomer" time="0.001">
    <skipped/>
  </testcase>
  <testcase classname="cz.muni.fi.pa165_pneuservis.dao.OrderDaoImplTest" name="springTestContextBeforeTestMethod" time="0.002">
    <skipped/>
  </testcase>
  <testcase classname="cz.muni.fi.pa165_pneuservis.dao.OrderDaoImplTest" name="setUp" time="0.002">
    <skipped/>
  </testcase>
  <testcase classname="cz.muni.fi.pa165_pneuservis.dao.OrderDaoImplTest" name="testRemove" time="0">
    <skipped/>
  </testcase>
  <testcase classname="cz.muni.fi.pa165_pneuservis.dao.OrderItemDaoImplTest" name="springTestContextBeforeTestClass" time="0.006">
    <skipped/>
  </testcase>
  <testcase classname="cz.muni.fi.pa165_pneuservis.dao.OrderItemDaoImplTest" name="springTestContextPrepareTestInstance" time="0.006">
    <skipped/>
  </testcase>
  <testcase classname="cz.muni.fi.pa165_pneuservis.dao.OrderItemDaoImplTest" name="springTestContextBeforeTestMethod" time="0.006">
    <skipped/>
  </testcase>
  <testcase classname="cz.muni.fi.pa165_pneuservis.dao.OrderItemDaoImplTest" name="setUp" time="0.006">
    <skipped/>
  </testcase>
  <testcase classname="cz.muni.fi.pa165_pneuservis.dao.OrderItemDaoImplTest" name="testFindAll" time="0">
    <skipped/>
  </testcase>
  <testcase classname="cz.muni.fi.pa165_pneuservis.dao.OrderItemDaoImplTest" name="springTestContextBeforeTestMethod" time="0.002">
    <skipped/>
  </testcase>
  <testcase classname="cz.muni.fi.pa165_pneuservis.dao.OrderItemDaoImplTest" name="setUp" time="0.002">
    <skipped/>
  </testcase>
  <testcase classname="cz.muni.fi.pa165_pneuservis.dao.OrderItemDaoImplTest" name="testFindById" time="0">
    <skipped/>
  </testcase>
  <testcase classname="cz.muni.fi.pa165_pneuservis.dao.OrderItemDaoImplTest" name="springTestContextBeforeTestMethod" time="0.005">
    <skipped/>
  </testcase>
  <testcase classname="cz.muni.fi.pa165_pneuservis.dao.OrderItemDaoImplTest" name="setUp" time="0.005">
    <skipped/>
  </testcase>
  <testcase classname="cz.muni.fi.pa165_pneuservis.dao.OrderItemDaoImplTest" name="testRemove" time="0">
    <skipped/>
  </testcase>
  <testcase classname="cz.muni.fi.pa165_pneuservis.dao.OrderItemDaoImplTest" name="springTestContextBeforeTestMethod" time="0">
    <skipped/>
  </testcase>
  <testcase classname="cz.muni.fi.pa165_pneuservis.dao.OrderItemDaoImplTest" name="setUp" time="0">
    <skipped/>
  </testcase>
  <testcase classname="cz.muni.fi.pa165_pneuservis.dao.OrderItemDaoImplTest" name="testUpdate" time="0">
    <skipped/>
  </testcase>
  <testcase classname="cz.muni.fi.pa165_pneuservis.dao.ServiceDaoImplTest" name="springTestContextBeforeTestClass" time="0.001">
    <skipped/>
  </testcase>
  <testcase classname="cz.muni.fi.pa165_pneuservis.dao.ServiceDaoImplTest" name="springTestContextPrepareTestInstance" time="0.002">
    <skipped/>
  </testcase>
  <testcase classname="cz.muni.fi.pa165_pneuservis.dao.ServiceDaoImplTest" name="springTestContextBeforeTestMethod" time="0.002">
    <skipped/>
  </testcase>
  <testcase classname="cz.muni.fi.pa165_pneuservis.dao.ServiceDaoImplTest" name="testCreateService" time="0">
    <skipped/>
  </testcase>
  <testcase classname="cz.muni.fi.pa165_pneuservis.dao.TireDaoImplTest" name="springTestContextBeforeTestClass" time="0.009">
    <skipped/>
  </testcase>
  <testcase classname="cz.muni.fi.pa165_pneuservis.dao.TireDaoImplTest" name="springTestContextPrepareTestInstance" time="0.009">
    <skipped/>
  </testcase>
  <testcase classname="cz.muni.fi.pa165_pneuservis.dao.TireDaoImplTest" name="springTestContextBeforeTestMethod" time="0.009">
    <skipped/>
  </testcase>
  <testcase classname="cz.muni.fi.pa165_pneuservis.dao.TireDaoImplTest" name="testCreateTire" time="0">
    <skipped/>
  </testcase>
  <testcase classname="cz.muni.fi.pa165_pneuservis.dao.TireDaoImplTest" name="springTestContextBeforeTestMethod" time="0">
    <skipped/>
  </testcase>
  <testcase classname="cz.muni.fi.pa165_pneuservis.dao.TireDaoImplTest" name="testFindAllTires" time="0">
    <skipped/>
  </testcase>
  <testcase classname="cz.muni.fi.pa165_pneuservis.dao.TireDaoImplTest" name="springTestContextBeforeTestMethod" time="0.002">
    <skipped/>
  </testcase>
  <testcase classname="cz.muni.fi.pa165_pneuservis.dao.TireDaoImplTest" name="testGetTireById" time="0">
    <skipped/>
  </testcase>
  <testcase classname="cz.muni.fi.pa165_pneuservis.dao.TireDaoImplTest" name="springTestContextBeforeTestMethod" time="0.001">
    <skipped/>
  </testcase>
  <testcase classname="cz.muni.fi.pa165_pneuservis.dao.TireDaoImplTest" name="testGetTireIdInvalid" time="0">
    <skipped/>
  </testcase>
  <testcase classname="cz.muni.fi.pa165_pneuservis.dao.TireDaoImplTest" name="springTestContextBeforeTestMethod" time="0.001">
    <skipped/>
  </testcase>
  <testcase classname="cz.muni.fi.pa165_pneuservis.dao.TireDaoImplTest" name="testRemoveTire" time="0">
    <skipped/>
  </testcase>
  <testcase classname="cz.muni.fi.pa165_pneuservis.dao.TireDaoImplTest" name="springTestContextBeforeTestMethod" time="0.001">
    <skipped/>
  </testcase>
  <testcase classname="cz.muni.fi.pa165_pneuservis.dao.TireDaoImplTest" name="testUpdateTire" time="0.001">
    <skipped/>
  </testcase>
</testsuite>